example/build/app/intermediates/manifest_merge_blame_file/release/manifest-merger-blame-release-report.txt
1<?xml version="1.0" encoding="utf-8"?>
2<manifest xmlns:android="http://schemas.android.com/apk/res/android"
3    package="io.flutter.plugins.firebasemlvisionexample"
4    android:versionCode="1"
5    android:versionName="1.0" >
6
7    <uses-sdk
8        android:minSdkVersion="21"
8-->src\main\AndroidManifest.xml
9        android:targetSdkVersion="28" />
9-->src\main\AndroidManifest.xml
10
11    <!--
12         The INTERNET permission is required for development. Specifically,
13         flutter needs it to communicate with the running application
14         to allow setting breakpoints, to provide hot reload, etc.
15    -->
16    <uses-permission android:name="android.permission.INTERNET" />
16-->src\main\AndroidManifest.xml:8:5-66
16-->src\main\AndroidManifest.xml:8:22-64
17    <uses-permission android:name="android.permission.READ_EXTERNAL_STORAGE" />
17-->[:image_picker] AndroidManifest.xml:7:5-80
17-->[:image_picker] AndroidManifest.xml:7:22-77
18    <uses-permission android:name="android.permission.WRITE_EXTERNAL_STORAGE" />
18-->[:image_picker] AndroidManifest.xml:8:5-81
18-->[:image_picker] AndroidManifest.xml:8:22-78
19    <uses-permission android:name="android.permission.CAMERA" />
19-->[:camera] AndroidManifest.xml:7:5-65
19-->[:camera] AndroidManifest.xml:7:22-62
20    <uses-permission android:name="android.permission.RECORD_AUDIO" />
20-->[:camera] AndroidManifest.xml:8:5-71
20-->[:camera] AndroidManifest.xml:8:22-68
21    <uses-permission android:name="android.permission.ACCESS_NETWORK_STATE" />
21-->[com.google.firebase:firebase-iid:18.0.0] AndroidManifest.xml:22:5-79
21-->[com.google.firebase:firebase-iid:18.0.0] AndroidManifest.xml:22:22-76
22    <uses-permission android:name="android.permission.WAKE_LOCK" /> <!-- Required by older versions of Google Play services to create IID tokens -->
22-->[com.google.firebase:firebase-iid:18.0.0] AndroidManifest.xml:24:5-68
22-->[com.google.firebase:firebase-iid:18.0.0] AndroidManifest.xml:24:22-65
23    <uses-permission android:name="com.google.android.c2dm.permission.RECEIVE" />
23-->[com.google.firebase:firebase-iid:18.0.0] AndroidManifest.xml:26:5-82
23-->[com.google.firebase:firebase-iid:18.0.0] AndroidManifest.xml:26:22-79
24    <!--
25 io.flutter.app.FlutterApplication is an android.app.Application that
26         calls FlutterMain.startInitialization(this); in its onCreate method.
27         In most cases you can leave this as-is, but you if you want to provide
28         additional functionality it is fine to subclass or reimplement
29         FlutterApplication and put your custom class here.
30    -->
31    <application
31-->src\main\AndroidManifest.xml:15:5-41:19
32        android:name="io.flutter.app.FlutterApplication"
32-->src\main\AndroidManifest.xml:16:9-57
33        android:appComponentFactory="androidx.core.app.CoreComponentFactory"
33-->[androidx.core:core:1.1.0] AndroidManifest.xml:24:18-86
34        android:icon="@mipmap/ic_launcher"
34-->src\main\AndroidManifest.xml:18:9-43
35        android:label="firebase_ml_vision_example" >
35-->src\main\AndroidManifest.xml:17:9-51
36        <activity
36-->src\main\AndroidManifest.xml:19:9-30:20
37            android:name="io.flutter.plugins.firebasemlvisionexample.MainActivity"
37-->src\main\AndroidManifest.xml:20:13-41
38            android:configChanges="orientation|keyboardHidden|keyboard|screenSize|locale|layoutDirection|fontScale|screenLayout|density"
38-->src\main\AndroidManifest.xml:23:13-137
39            android:hardwareAccelerated="true"
39-->src\main\AndroidManifest.xml:24:13-47
40            android:launchMode="singleTop"
40-->src\main\AndroidManifest.xml:21:13-43
41            android:theme="@style/LaunchTheme"
41-->src\main\AndroidManifest.xml:22:13-47
42            android:windowSoftInputMode="adjustResize" >
42-->src\main\AndroidManifest.xml:25:13-55
43            <intent-filter>
43-->src\main\AndroidManifest.xml:26:13-29:29
44                <action android:name="android.intent.action.MAIN" />
44-->src\main\AndroidManifest.xml:27:17-68
44-->src\main\AndroidManifest.xml:27:25-66
45
46                <category android:name="android.intent.category.LAUNCHER" />
46-->src\main\AndroidManifest.xml:28:17-76
46-->src\main\AndroidManifest.xml:28:27-74
47            </intent-filter>
48        </activity>
49        <activity
49-->src\main\AndroidManifest.xml:31:9-37:20
50            android:name="io.flutter.plugins.firebasemlvisionexample.EmbeddingV1Activity"
50-->src\main\AndroidManifest.xml:32:13-48
51            android:configChanges="orientation|keyboardHidden|keyboard|screenSize|locale|layoutDirection|fontScale|screenLayout|density"
51-->src\main\AndroidManifest.xml:34:13-137
52            android:hardwareAccelerated="true"
52-->src\main\AndroidManifest.xml:35:13-47
53            android:theme="@style/LaunchTheme"
53-->src\main\AndroidManifest.xml:33:13-47
54            android:windowSoftInputMode="adjustResize" >
54-->src\main\AndroidManifest.xml:36:13-55
55        </activity>
56
57        <meta-data
57-->src\main\AndroidManifest.xml:38:11-40:57
58            android:name="com.google.firebase.ml.vision.DEPENDENCIES"
58-->src\main\AndroidManifest.xml:39:13-70
59            android:value="ocr, face, barcode, label" />
59-->src\main\AndroidManifest.xml:40:13-54
60
61        <service
61-->[:firebase_core] AndroidManifest.xml:8:9-12:19
62            android:name="com.google.firebase.components.ComponentDiscoveryService"
62-->[:firebase_core] AndroidManifest.xml:8:18-89
63            android:exported="false" >
63-->[com.google.firebase:firebase-iid:18.0.0] AndroidManifest.xml:31:13-37
64            <meta-data
64-->[:firebase_core] AndroidManifest.xml:9:13-11:85
65                android:name="com.google.firebase.components:io.flutter.plugins.firebase.core.FlutterFirebaseAppRegistrar"
65-->[:firebase_core] AndroidManifest.xml:10:17-123
66                android:value="com.google.firebase.components.ComponentRegistrar" />
66-->[:firebase_core] AndroidManifest.xml:11:17-82
67            <meta-data
67-->[:firebase_ml_vision] AndroidManifest.xml:9:13-11:85
68                android:name="com.google.firebase.components:io.flutter.plugins.firebasemlvision.FlutterFirebaseAppRegistrar"
68-->[:firebase_ml_vision] AndroidManifest.xml:10:17-126
69                android:value="com.google.firebase.components.ComponentRegistrar" />
69-->[:firebase_ml_vision] AndroidManifest.xml:11:17-82
70            <meta-data
70-->[com.google.firebase:firebase-iid:18.0.0] AndroidManifest.xml:32:13-34:85
71                android:name="com.google.firebase.components:com.google.firebase.iid.Registrar"
71-->[com.google.firebase:firebase-iid:18.0.0] AndroidManifest.xml:33:17-96
72                android:value="com.google.firebase.components.ComponentRegistrar" />
72-->[com.google.firebase:firebase-iid:18.0.0] AndroidManifest.xml:34:17-82
73        </service>
74
75        <provider
75-->[:image_picker] AndroidManifest.xml:11:9-19:20
76            android:name="io.flutter.plugins.imagepicker.ImagePickerFileProvider"
76-->[:image_picker] AndroidManifest.xml:12:13-82
77            android:authorities="io.flutter.plugins.firebasemlvisionexample.flutter.image_provider"
77-->[:image_picker] AndroidManifest.xml:13:13-74
78            android:exported="false"
78-->[:image_picker] AndroidManifest.xml:14:13-37
79            android:grantUriPermissions="true" >
79-->[:image_picker] AndroidManifest.xml:15:13-47
80            <meta-data
80-->[:image_picker] AndroidManifest.xml:16:13-18:75
81                android:name="android.support.FILE_PROVIDER_PATHS"
81-->[:image_picker] AndroidManifest.xml:17:17-67
82                android:resource="@xml/flutter_image_picker_file_paths" />
82-->[:image_picker] AndroidManifest.xml:18:17-72
83        </provider>
84
85        <receiver
85-->[com.google.firebase:firebase-iid:18.0.0] AndroidManifest.xml:37:9-44:20
86            android:name="com.google.firebase.iid.FirebaseInstanceIdReceiver"
86-->[com.google.firebase:firebase-iid:18.0.0] AndroidManifest.xml:38:13-78
87            android:exported="true"
87-->[com.google.firebase:firebase-iid:18.0.0] AndroidManifest.xml:39:13-36
88            android:permission="com.google.android.c2dm.permission.SEND" >
88-->[com.google.firebase:firebase-iid:18.0.0] AndroidManifest.xml:40:13-73
89            <intent-filter>
89-->[com.google.firebase:firebase-iid:18.0.0] AndroidManifest.xml:41:13-43:29
90                <action android:name="com.google.android.c2dm.intent.RECEIVE" />
90-->[com.google.firebase:firebase-iid:18.0.0] AndroidManifest.xml:42:17-81
90-->[com.google.firebase:firebase-iid:18.0.0] AndroidManifest.xml:42:25-78
91            </intent-filter>
92        </receiver>
93
94        <activity
94-->[com.google.android.gms:play-services-base:16.0.1] AndroidManifest.xml:23:9-26:75
95            android:name="com.google.android.gms.common.api.GoogleApiActivity"
95-->[com.google.android.gms:play-services-base:16.0.1] AndroidManifest.xml:24:13-79
96            android:exported="false"
96-->[com.google.android.gms:play-services-base:16.0.1] AndroidManifest.xml:25:13-37
97            android:theme="@android:style/Theme.Translucent.NoTitleBar" />
97-->[com.google.android.gms:play-services-base:16.0.1] AndroidManifest.xml:26:13-72
98
99        <provider
99-->[com.google.firebase:firebase-common:17.0.0] AndroidManifest.xml:12:9-16:39
100            android:name="com.google.firebase.provider.FirebaseInitProvider"
100-->[com.google.firebase:firebase-common:17.0.0] AndroidManifest.xml:13:13-77
101            android:authorities="io.flutter.plugins.firebasemlvisionexample.firebaseinitprovider"
101-->[com.google.firebase:firebase-common:17.0.0] AndroidManifest.xml:14:13-72
102            android:exported="false"
102-->[com.google.firebase:firebase-common:17.0.0] AndroidManifest.xml:15:13-37
103            android:initOrder="100" />
103-->[com.google.firebase:firebase-common:17.0.0] AndroidManifest.xml:16:13-36
104
105        <meta-data
105-->[com.google.android.gms:play-services-basement:16.1.0] AndroidManifest.xml:23:9-25:69
106            android:name="com.google.android.gms.version"
106-->[com.google.android.gms:play-services-basement:16.1.0] AndroidManifest.xml:24:13-58
107            android:value="@integer/google_play_services_version" />
107-->[com.google.android.gms:play-services-basement:16.1.0] AndroidManifest.xml:25:13-66
108    </application>
109
110</manifest>